<?xml version="1.0" encoding="UTF-8"?>
<testng-results ignored="1" total="2" passed="1" failed="0" skipped="0">
  <reporter-output>
  </reporter-output>
  <suite started-at="2019-12-11T08:35:41Z" name="Default Suite" finished-at="2019-12-11T08:36:19Z" duration-ms="37854">
    <groups>
      <group name="MobileAndroid">
        <method signature="conversationMobileTests.postCommentAsGuestYnetConversationAndroid(java.lang.String, java.lang.String)[pri:0, instance:mob.conversationMobileTests@1445d7f]" name="postCommentAsGuestYnetConversationAndroid" class="mob.conversationMobileTests"/>
      </group> <!-- MobileAndroid -->
    </groups>
    <test started-at="2019-12-11T08:35:41Z" name="weAreSpot" finished-at="2019-12-11T08:36:19Z" duration-ms="37854">
      <class name="mob.conversationMobileTests">
        <test-method is-config="true" signature="beforeMethod()[pri:0, instance:mob.conversationMobileTests@1445d7f]" started-at="2019-12-11T08:35:41Z" name="beforeMethod" finished-at="2019-12-11T08:35:47Z" duration-ms="5894" status="PASS">
          <reporter-output>
          </reporter-output>
        </test-method> <!-- beforeMethod -->
        <test-method signature="postCommentAsGuestYnetConversationAndroid(java.lang.String, java.lang.String)[pri:0, instance:mob.conversationMobileTests@1445d7f]" started-at="2019-12-11T08:35:47Z" name="postCommentAsGuestYnetConversationAndroid" data-provider="postCommentOnArticle" finished-at="2019-12-11T08:36:16Z" duration-ms="29175" status="PASS">
          <params>
            <param index="0">
              <value>
                <![CDATA[My Name Is QA]]>
              </value>
            </param>
            <param index="1">
              <value>
                <![CDATA[My Comment Is This: Aa1!]]>
              </value>
            </param>
          </params>
          <reporter-output>
          </reporter-output>
        </test-method> <!-- postCommentAsGuestYnetConversationAndroid -->
        <test-method is-config="true" signature="afterTests()[pri:0, instance:mob.conversationMobileTests@1445d7f]" started-at="2019-12-11T08:36:16Z" name="afterTests" finished-at="2019-12-11T08:36:19Z" duration-ms="2769" status="PASS">
          <reporter-output>
          </reporter-output>
        </test-method> <!-- afterTests -->
      </class> <!-- mob.conversationMobileTests -->
    </test> <!-- weAreSpot -->
  </suite> <!-- Default Suite -->
</testng-results>
